<?xml version="1.0" encoding="UTF-8"?>
<!-- Generated by org.testng.reporters.JUnitReportReporter -->
<testsuite hostname="PRADHNYAKAMBLE" failures="0" tests="2" name="TestNGStudy.MyTestClass" time="21.112" errors="0" timestamp="2022-06-24T22:11:48 IST" skipped="0">
  <testcase classname="TestNGStudy.MyTestClass" name="myMethod" time="15.114"/>
  <system-out>
    <![CDATA[Hi,Method is running,this is Reporter output
Hi,Method is running,this is Reporter output with true]]>
  </system-out>
  <testcase classname="TestNGStudy.MyTestClass" name="myMethod1" time="5.998"/>
  <system-out/>
</testsuite> <!-- TestNGStudy.MyTestClass -->
