<?xml version="1.0" encoding="UTF-8"?>
<!-- Generated by org.testng.reporters.JUnitReportReporter -->
<testsuite hostname="PRADHNYAKAMBLE" failures="0" tests="3" name="TestNGKeywords.InvocationCountUse" time="0.021" errors="0" timestamp="2022-06-24T23:33:58 IST" skipped="0">
  <testcase classname="TestNGKeywords.InvocationCountUse" name="myTest" time="0.002"/>
  <system-out>
    <![CDATA[Hello]]>
  </system-out>
  <testcase classname="TestNGKeywords.InvocationCountUse" name="myTest" time="0.017"/>
  <system-out>
    <![CDATA[Hello]]>
  </system-out>
  <testcase classname="TestNGKeywords.InvocationCountUse" name="myTest" time="0.002"/>
  <system-out>
    <![CDATA[Hello]]>
  </system-out>
</testsuite> <!-- TestNGKeywords.InvocationCountUse -->
