<?xml version="1.0" encoding="UTF-8"?>
<!-- Generated by org.testng.reporters.JUnitReportReporter -->
<testsuite hostname="PRADHNYAKAMBLE" failures="0" tests="2" name="TestNGStudy.AnnoTationStudy" time="0.010" errors="0" timestamp="2022-06-24T23:20:35 IST" skipped="0">
  <testcase classname="TestNGStudy.AnnoTationStudy" name="validateDashBoard" time="0.006"/>
  <system-out>
    <![CDATA[DashBoard validated]]>
  </system-out>
  <testcase classname="TestNGStudy.AnnoTationStudy" name="validateUserID" time="0.004"/>
  <system-out>
    <![CDATA[User ID Validated]]>
  </system-out>
</testsuite> <!-- TestNGStudy.AnnoTationStudy -->
