<?xml version="1.0" encoding="UTF-8"?>
<!-- Generated by org.testng.reporters.JUnitReportReporter -->
<testsuite hostname="PRADHNYAKAMBLE" failures="0" tests="1" name="ParallelAndSerialExecution.MyClass1" time="6.718" errors="0" timestamp="2022-06-30T15:14:34 IST" skipped="0">
  <testcase classname="ParallelAndSerialExecution.MyClass1" name="myMethod" time="6.718"/>
  <system-out/>
</testsuite> <!-- ParallelAndSerialExecution.MyClass1 -->
