<?xml version="1.0" encoding="UTF-8"?>
<!-- Generated by org.testng.reporters.JUnitReportReporter -->
<testsuite hostname="PRADHNYAKAMBLE" failures="0" tests="1" name="KitePOMUsingTestNG.ValidateKiteAppUserName" time="3.202" errors="0" timestamp="2022-07-07T23:06:40 IST" skipped="0">
  <testcase classname="KitePOMUsingTestNG.ValidateKiteAppUserName" name="ValidateUserName" time="3.202"/>
  <system-out>
    <![CDATA[Validating Username
Actual and Expected UN are matching TC Passed]]>
  </system-out>
</testsuite> <!-- KitePOMUsingTestNG.ValidateKiteAppUserName -->
