<?xml version="1.0" encoding="UTF-8"?>
<!-- Generated by org.testng.reporters.JUnitReportReporter -->
<testsuite hostname="PRADHNYAKAMBLE" failures="0" tests="1" name="crossBrowsertest.CrossBrowserTesting" time="18.984" errors="0" timestamp="2022-07-12T16:44:33 IST" skipped="0">
  <testcase classname="crossBrowsertest.CrossBrowserTesting" name="myMethod" time="18.984"/>
  <system-out/>
</testsuite> <!-- crossBrowsertest.CrossBrowserTesting -->
