<?xml version="1.0" encoding="UTF-8"?>
<!-- Generated by org.testng.reporters.JUnitReportReporter -->
<testsuite hostname="PRADHNYAKAMBLE" failures="0" tests="1" name="IncludeExclude.MyTestClass" time="0.010" errors="0" timestamp="2022-06-25T00:47:25 IST" skipped="0">
  <testcase classname="IncludeExclude.MyTestClass" name="a" time="0.010"/>
  <system-out>
    <![CDATA[a is running]]>
  </system-out>
</testsuite> <!-- IncludeExclude.MyTestClass -->
