<?xml version="1.0" encoding="UTF-8"?>
<!-- Generated by org.testng.reporters.JUnitReportReporter -->
<testsuite hostname="PRADHNYAKAMBLE" failures="0" tests="1" name="headlessBrowser.ChromeOptionsStudy" time="23.012" errors="0" timestamp="2022-06-30T23:00:30 IST" skipped="0">
  <testcase classname="headlessBrowser.ChromeOptionsStudy" name="HeadlessChrome" time="23.012"/>
  <system-out/>
</testsuite> <!-- headlessBrowser.ChromeOptionsStudy -->
