<?xml version="1.0" encoding="UTF-8"?>
<!-- Generated by org.testng.reporters.JUnitReportReporter -->
<testsuite hostname="PRADHNYAKAMBLE" failures="0" tests="1" name="KiteTest.ValidateKiteUserIDUsingProperty" time="3.432" errors="0" timestamp="2022-07-10T19:05:48 IST" skipped="0">
  <testcase classname="KiteTest.ValidateKiteUserIDUsingProperty" name="ValidateUserID" time="3.432"/>
  <system-out/>
</testsuite> <!-- KiteTest.ValidateKiteUserIDUsingProperty -->
