<?xml version="1.0" encoding="UTF-8"?>
<!-- Generated by org.testng.reporters.JUnitReportReporter -->
<testsuite hostname="PRADHNYAKAMBLE" failures="0" tests="1" name="KiteTest.ValidateKiteUserID" time="4.327" errors="0" timestamp="2022-07-08T17:29:10 IST" skipped="0">
  <testcase classname="KiteTest.ValidateKiteUserID" name="ValidateUserID" time="4.327"/>
  <system-out/>
</testsuite> <!-- KiteTest.ValidateKiteUserID -->
