<?xml version="1.0" encoding="UTF-8"?>
<!-- Generated by org.testng.reporters.JUnitReportReporter -->
<testsuite hostname="PRADHNYAKAMBLE" failures="0" tests="2" name="TestNGStudy.MyTestClass1" time="9.704" errors="0" timestamp="2022-06-25T00:28:24 IST" skipped="0">
  <testcase classname="TestNGStudy.MyTestClass1" name="myMethod1" time="2.334"/>
  <system-out/>
  <testcase classname="TestNGStudy.MyTestClass1" name="myMethod" time="7.370"/>
  <system-out/>
</testsuite> <!-- TestNGStudy.MyTestClass1 -->
