<?xml version="1.0" encoding="UTF-8"?>
<!-- Generated by org.testng.reporters.JUnitReportReporter -->
<testsuite hostname="PRADHNYAKAMBLE" failures="0" tests="4" name="TestNGKeywords.DependsOnMethodUse" time="0.024" errors="0" timestamp="2022-06-28T22:23:07 IST" skipped="0">
  <testcase classname="TestNGKeywords.DependsOnMethodUse" name="a" time="0.003"/>
  <system-out>
    <![CDATA[a is running]]>
  </system-out>
  <testcase classname="TestNGKeywords.DependsOnMethodUse" name="a" time="0.003"/>
  <system-out>
    <![CDATA[a is running]]>
  </system-out>
  <testcase classname="TestNGKeywords.DependsOnMethodUse" name="v" time="0.003"/>
  <system-out>
    <![CDATA[v is running]]>
  </system-out>
  <testcase classname="TestNGKeywords.DependsOnMethodUse" name="d" time="0.015"/>
  <system-out>
    <![CDATA[d is running]]>
  </system-out>
</testsuite> <!-- TestNGKeywords.DependsOnMethodUse -->
