<?xml version="1.0" encoding="UTF-8"?>
<!-- Generated by org.testng.reporters.JUnitReportReporter -->
<testsuite hostname="PRADHNYAKAMBLE" failures="0" tests="3" name="TestNGKeywords.TimeOutUse" time="0.120" errors="0" timestamp="2022-06-25T00:06:03 IST" skipped="1">
  <testcase classname="TestNGKeywords.TimeOutUse" name="d" time="0.118"/>
  <system-out>
    <![CDATA[d is running]]>
  </system-out>
  <testcase classname="TestNGKeywords.TimeOutUse" name="v" time="0.002"/>
  <system-out>
    <![CDATA[v is running]]>
  </system-out>
  <testcase classname="TestNGKeywords.TimeOutUse" name="a">
    <skipped/>
  </testcase> <!-- a -->
  <system-out/>
</testsuite> <!-- TestNGKeywords.TimeOutUse -->
