<?xml version="1.0" encoding="UTF-8"?>
<!-- Generated by org.testng.reporters.JUnitReportReporter -->
<testsuite hostname="PRADHNYAKAMBLE" failures="0" tests="3" name="TestNGKeywords.PriorityUse" time="0.024" errors="0" timestamp="2022-06-24T23:47:59 IST" skipped="0">
  <testcase classname="TestNGKeywords.PriorityUse" name="d" time="0.019"/>
  <system-out>
    <![CDATA[d is running]]>
  </system-out>
  <testcase classname="TestNGKeywords.PriorityUse" name="v" time="0.002"/>
  <system-out>
    <![CDATA[v is running]]>
  </system-out>
  <testcase classname="TestNGKeywords.PriorityUse" name="a" time="0.003"/>
  <system-out>
    <![CDATA[a is running]]>
  </system-out>
</testsuite> <!-- TestNGKeywords.PriorityUse -->
