<?xml version="1.0" encoding="UTF-8"?>
<!-- Generated by org.testng.reporters.JUnitReportReporter -->
<testsuite hostname="PRADHNYAKAMBLE" failures="0" tests="2" name="TestNGKeywords.MyTestClass2" time="0.003" errors="0" timestamp="2022-06-28T23:13:23 IST" skipped="0">
  <testcase classname="TestNGKeywords.MyTestClass2" name="s" time="0.001"/>
  <system-out>
    <![CDATA[s is running ,regression]]>
  </system-out>
  <testcase classname="TestNGKeywords.MyTestClass2" name="q" time="0.002"/>
  <system-out>
    <![CDATA[q is running ,regression]]>
  </system-out>
</testsuite> <!-- TestNGKeywords.MyTestClass2 -->
