<?xml version="1.0" encoding="UTF-8"?>
<!-- Generated by org.testng.reporters.JUnitReportReporter -->
<testsuite hostname="PRADHNYAKAMBLE" failures="0" tests="1" name="crossBrowsertest.FirefoxTest" time="19.272" errors="0" timestamp="2022-07-12T18:35:04 IST" skipped="0">
  <testcase classname="crossBrowsertest.FirefoxTest" name="myMethod" time="19.272"/>
  <system-out/>
</testsuite> <!-- crossBrowsertest.FirefoxTest -->
