<?xml version="1.0" encoding="UTF-8"?>
<!-- Generated by org.testng.reporters.JUnitReportReporter -->
<testsuite hostname="PRADHNYAKAMBLE" failures="0" tests="1" name="TestNGStudy.AnnoTationStudyTest1" time="0.002" errors="0" timestamp="2022-06-24T23:20:35 IST" skipped="0">
  <testcase classname="TestNGStudy.AnnoTationStudyTest1" name="rechargePhone" time="0.002"/>
  <system-out>
    <![CDATA[recharge done]]>
  </system-out>
</testsuite> <!-- TestNGStudy.AnnoTationStudyTest1 -->
